2026-03-03 13:57:15.7319 IST [Bridge CLI] INFO: Using cache directory: /Users/renukac/Library/CloudStorage/OneDrive-BlackDuckSoftware/Documents/integration/black-duck-security-scan/desktop/controller/installedtools/bridge/3.12.0
2026-03-03 13:57:15.7366 IST [Bridge CLI] INFO: Found version "3.0.443" in registry for workflow "polaris", trying to load it from local cache
2026-03-03 13:57:17.6715 IST [Bridge CLI] INFO: Input Resources:
2026-03-03 13:57:17.6716 IST [Bridge CLI] INFO: resource = value [source]
2026-03-03 13:57:17.6716 IST [Bridge CLI] INFO: ------------------------------------------------------------
2026-03-03 13:57:17.6716 IST [Bridge CLI] INFO: POLARIS.ACCESSTOKEN = ***************************************** [env]
2026-03-03 13:57:17.6716 IST [Bridge CLI] INFO: POLARIS.application.name = integrations [cmd]
2026-03-03 13:57:17.6716 IST [Bridge CLI] INFO: POLARIS.assessment.mode = IDE [cmd]
2026-03-03 13:57:17.6716 IST [Bridge CLI] INFO: POLARIS.assessment.types = [SAST SCA] [cmd]
2026-03-03 13:57:17.6716 IST [Bridge CLI] INFO: POLARIS.branch.name = CodeSight_madhavanr+poc@blackduck.com [cmd]
2026-03-03 13:57:17.6716 IST [Bridge CLI] INFO: POLARIS.onboarding = true [cmd]
2026-03-03 13:57:17.6716 IST [Bridge CLI] INFO: POLARIS.project.name = blackduck-security-action [cmd]
2026-03-03 13:57:17.6716 IST [Bridge CLI] INFO: POLARIS.serverurl = https://poc.polaris.blackduck.com [cmd]
2026-03-03 13:57:17.6716 IST [Bridge CLI] INFO: ------------------------------------------------------------
2026-03-03 13:57:17.6717 IST [Bridge CLI] INFO: Starting adapters for stage polaris
2026-03-03 13:57:17.6749 IST [Bridge CLI] INFO: Starting Adapter: Polaris Initializer
2026-03-03 13:57:17.6749 IST [Bridge CLI] INFO: Starting Adapter: Polaris SCM Discovery
2026-03-03 13:57:17.8398 IST [Polaris SCM Discovery] INFO: Adapter finished
2026-03-03 13:57:20.0677 IST [Polaris Initializer] INFO: No version specified for cov_thin_client, using recommended version: 2025.12.0
2026-03-03 13:57:20.7039 IST [Polaris Initializer] INFO: No version specified for detect, using recommended version: 10.4.0
2026-03-03 13:57:21.4292 IST [Polaris Initializer] INFO: Successfully created test for "SAST(sastFull)" assessment. The short test ID is "NRK17FT"
2026-03-03 13:57:21.9135 IST [Polaris Initializer] INFO: Successfully created test for "SCA(scaPackage)" assessment. The short test ID is "JDCXE6G"
2026-03-03 13:57:21.9247 IST [Polaris Initializer] INFO: Provided value for resource 'polaris.test.SAST.tests.sastFull.id'
2026-03-03 13:57:21.9249 IST [Polaris Initializer] INFO: Provided value for resource 'polaris.test.SCA.tests.scaPackage.id'
2026-03-03 13:57:21.9251 IST [Polaris Initializer] INFO: Provided value for resource 'polaris.test.SAST.tests.sastFull.shortId'
2026-03-03 13:57:21.9253 IST [Polaris Initializer] INFO: Provided value for resource 'polaris.test.SCA.tests.scaPackage.shortId'
2026-03-03 13:57:21.9256 IST [Polaris Initializer] INFO: Added entry to resource 'polaris.test.SAST.tests.sastFull.toolIds'
2026-03-03 13:57:21.9257 IST [Polaris Initializer] INFO: Added entry to resource 'polaris.test.SCA.tests.scaPackage.toolIds'
2026-03-03 13:57:21.9259 IST [Polaris Initializer] INFO: Provided value for resource 'polaris.test.SAST.tests.sastFull.streamId'
2026-03-03 13:57:21.9260 IST [Polaris Initializer] INFO: Provided value for resource 'polaris.test.SAST.tests.sastFull.requested'
2026-03-03 13:57:21.9262 IST [Polaris Initializer] INFO: Provided value for resource 'polaris.test.SCA.tests.scaPackage.requested'
2026-03-03 13:57:21.9264 IST [Polaris Initializer] INFO: Provided value for resource 'polaris.project.id'
2026-03-03 13:57:21.9265 IST [Polaris Initializer] INFO: Provided value for resource 'polaris.branch.id'
2026-03-03 13:57:21.9266 IST [Polaris Initializer] INFO: Provided value for resource 'polaris.portfolioid'
2026-03-03 13:57:21.9267 IST [Polaris Initializer] INFO: Provided value for resource 'polaris.tenant.id'
2026-03-03 13:57:21.9269 IST [Polaris Initializer] INFO: Provided value for resource 'polaris.application.id'
2026-03-03 13:57:21.9269 IST [Bridge CLI] INFO: Starting adapters for stage polaris-controller
2026-03-03 13:57:21.9279 IST [Bridge CLI] INFO: Starting Adapter: Polaris Controller
2026-03-03 13:57:21.9282 IST [Polaris Initializer] INFO: Adapter finished
2026-03-03 13:57:21.9378 IST [Bridge CLI] INFO: Starting Adapter: Set Polaris Wait For Scan
2026-03-03 13:57:21.9379 IST [Set Polaris Wait For Scan] INFO: Provided value for resource 'polaris.waitForScan'
2026-03-03 13:57:21.9380 IST [Set Polaris Wait For Scan] INFO: Adapter finished
2026-03-03 13:57:21.9540 IST [Bridge CLI] INFO: Starting Adapter: Check pull request
2026-03-03 13:57:22.0442 IST [Check pull request] INFO: Provided value for resource 'environment.scan.pull'
2026-03-03 13:57:22.0444 IST [Check pull request] INFO: Adapter finished
2026-03-03 13:57:22.1688 IST [Polaris Controller] INFO: Running for "sast" assessment with scan type "sastFull"
2026-03-03 13:57:22.1691 IST [Polaris Controller] INFO: checking "coverity" tool installation inside bridge home directory: /Users/renukac/.blackduck/bridge/tools/cov-thin-client/2025.12.0
2026-03-03 13:57:22.1691 IST [Polaris Controller] INFO: Checking tool version for "cov_thin_client" in "/Users/renukac/.blackduck/bridge/tools/cov-thin-client/2025.12.0"
2026-03-03 13:57:22.1695 IST [Polaris Controller] INFO: Running command:/Users/renukac/.blackduck/bridge/tools/cov-thin-client/2025.12.0/bin/coverity --version
2026-03-03 13:57:22.2114 IST [Polaris Controller] INFO: Got tool version for "cov_thin_client": 2025.12.0
2026-03-03 13:57:22.5378 IST [Polaris Controller] INFO: "coverity" tool is already installed...
2026-03-03 13:57:22.5378 IST [Polaris Controller] INFO: checking "Sigma" tool installation inside bridge home directory: /Users/renukac/.blackduck/bridge/tools/sigma/2026.2.0
2026-03-03 13:57:22.5378 IST [Polaris Controller] INFO: Checking tool version for "sigma" in "/Users/renukac/.blackduck/bridge/tools/sigma/2026.2.0"
2026-03-03 13:57:22.5378 IST [Polaris Controller] INFO: Running command:/Users/renukac/.blackduck/bridge/tools/sigma/2026.2.0/sigma --version
2026-03-03 13:57:22.6382 IST [Polaris Controller] INFO: Got tool version for "sigma": 2026.2.0
2026-03-03 13:57:22.9537 IST [Polaris Controller] INFO: "Sigma" tool is already installed...
2026-03-03 13:57:22.9537 IST [Polaris Controller] INFO: Running for "sca" assessment with scan type "scaPackage"
2026-03-03 13:57:22.9537 IST [Polaris Controller] INFO: checking "detect" tool installation inside bridge home directory: /Users/renukac/.blackduck/bridge/tools/blackduck-detect/10.4.0
2026-03-03 13:57:22.9544 IST [Polaris Controller] INFO: Running command:/usr/bin/java -version
2026-03-03 13:57:23.1809 IST [Polaris Controller] INFO: Checking tool version for "detect" in "/Users/renukac/.blackduck/bridge/tools/blackduck-detect/10.4.0"
2026-03-03 13:57:23.1836 IST [Polaris Controller] INFO: Got tool version for "detect": 10.4.0
2026-03-03 13:57:23.5048 IST [Polaris Controller] INFO: "detect" tool is already installed...
2026-03-03 13:57:23.5178 IST [Polaris Controller] INFO: Provided value for resource 'coverity.id'
2026-03-03 13:57:23.5179 IST [Polaris Controller] INFO: Provided value for resource 'sigma.id'
2026-03-03 13:57:23.5180 IST [Polaris Controller] INFO: Provided value for resource 'detect.id'
2026-03-03 13:57:23.5181 IST [Bridge CLI] INFO: Starting adapters for stage polaris-sast
2026-03-03 13:57:23.5181 IST [Bridge CLI] INFO: Starting adapters for stage polaris-sca-package
2026-03-03 13:57:23.5181 IST [Bridge CLI] INFO: Starting adapters for stage polaris-artifacts-uploader
2026-03-03 13:57:23.5181 IST [Bridge CLI] INFO: Starting adapters for stage polaris-post-processing
2026-03-03 13:57:23.5181 IST [Bridge CLI] INFO: Starting adapters for stage polaris-status
2026-03-03 13:57:23.5220 IST [Bridge CLI] INFO: Starting Adapter: Polaris Artifacts Uploader
2026-03-03 13:57:23.5220 IST [Bridge CLI] INFO: Starting Adapter: Polaris Issues Fetcher
2026-03-03 13:57:23.5220 IST [Bridge CLI] INFO: Starting Adapter: Polaris SCA Package Manager Scan
2026-03-03 13:57:23.5221 IST [Bridge CLI] INFO: Starting Adapter: Polaris Status Provider
2026-03-03 13:57:23.5220 IST [Bridge CLI] INFO: Starting Adapter: Polaris Coverity Capture
2026-03-03 13:57:23.5224 IST [Polaris Controller] INFO: Adapter finished
2026-03-03 13:57:23.5221 IST [Bridge CLI] INFO: Starting Adapter: Polaris Policy Checker
2026-03-03 13:57:23.5220 IST [Bridge CLI] INFO: Starting Adapter: Polaris Waiter
2026-03-03 13:57:23.5708 IST [Bridge CLI] INFO: Starting Adapter: Default Adapter for project directory
2026-03-03 13:57:23.5724 IST [Default Adapter for project directory] INFO: Provided value for resource 'project.directory'
2026-03-03 13:57:23.5725 IST [Default Adapter for project directory] INFO: Adapter finished
2026-03-03 13:57:23.5838 IST [Bridge CLI] INFO: Starting Adapter: Default Adapter for execution path
2026-03-03 13:57:23.5844 IST [Default Adapter for execution path] INFO: Provided value for resource 'coverity.execution.path'
2026-03-03 13:57:23.5848 IST [Default Adapter for execution path] INFO: Adapter finished
2026-03-03 13:57:23.6083 IST [Bridge CLI] INFO: Starting Adapter: Default Adapter for execution path
2026-03-03 13:57:23.6090 IST [Default Adapter for execution path] INFO: Provided value for resource 'sigma.execution.path'
2026-03-03 13:57:23.6091 IST [Default Adapter for execution path] INFO: Adapter finished
2026-03-03 13:57:23.7490 IST [Polaris Coverity Capture] INFO: Identified workflow: Polaris
2026-03-03 13:57:23.7496 IST [Polaris Coverity Capture] INFO: command: /Users/renukac/.blackduck/bridge/tools/cov-thin-client/2025.12.0/bin/coverity capture --project-dir /Users/renukac/Library/CloudStorage/OneDrive-BlackDuckSoftware/Documents/integration/black-duck-security-scan --dir /Users/renukac/Library/CloudStorage/OneDrive-BlackDuckSoftware/Documents/integration/black-duck-security-scan/.bridge/polaris_coverity_capture/2025.12.0/idir -o analyze.location=connect
2026-03-03 13:57:23.7925 IST [Polaris Coverity Capture] INFO: coverity 2025.12.0 covcli-2025.12-push-10
2026-03-03 13:57:23.7925 IST [Polaris Coverity Capture] INFO: envvar: COVERITY_CACHE_API_TOKEN_FILE=/var/folders/lz/2_s78x4d3gg_n39stq49qnfw0000gp/T/polaris_coverity_cache2542801817/.authKey
2026-03-03 13:57:23.7925 IST [Polaris Coverity Capture] INFO: envvar: COVERITY_CACHE_KEY=44f7be20-e81d-41fe-bb17-e3187ed421b4
2026-03-03 13:57:23.7925 IST [Polaris Coverity Capture] INFO: envvar: COVERITY_CACHE_URL=https://poc.polaris.blackduck.com/api/cache
2026-03-03 13:57:23.7926 IST [Polaris Coverity Capture] INFO: envvar: COVERITY_CLI_CAPTURE_ZIP_ARCHIVE=/Users/renukac/Library/CloudStorage/OneDrive-BlackDuckSoftware/Documents/integration/black-duck-security-scan/.bridge/polaris_coverity_capture/idir.zip
2026-03-03 13:57:23.7926 IST [Polaris Coverity Capture] INFO: envvar: COVERITY_CLI_POLARIS_CLIENT=true
2026-03-03 13:57:23.7957 IST [Polaris Coverity Capture] INFO: Executing command: /Users/renukac/.blackduck/bridge/tools/cov-thin-client/2025.12.0/bin/cov-manage-emit --dir /Users/renukac/Library/CloudStorage/OneDrive-BlackDuckSoftware/Documents/integration/black-duck-security-scan/.bridge/polaris_coverity_capture/2025.12.0/idir reset-host-name
2026-03-03 13:57:23.8308 IST [Polaris Coverity Capture] INFO: Executing command: /Users/renukac/.blackduck/bridge/tools/cov-thin-client/2025.12.0/bin/cov-manage-emit --dir /Users/renukac/Library/CloudStorage/OneDrive-BlackDuckSoftware/Documents/integration/black-duck-security-scan/.bridge/polaris_coverity_capture/2025.12.0/idir check-compatible
2026-03-03 13:57:23.8510 IST [Polaris Coverity Capture] INFO: Detected that stdout is not connected to a terminal.  Defaulting ticker mode to 'none'.
2026-03-03 13:57:23.8510 IST [Polaris Coverity Capture] INFO: If this is not correct, explicitly set the ticker mode to the desired value using the '--ticker-mode' option.
2026-03-03 13:57:23.8551 IST [Polaris Coverity Capture] INFO: Using lightweight capture with thin client.
2026-03-03 13:57:23.8553 IST [Polaris Coverity Capture] INFO: Executing command: /Users/renukac/.blackduck/bridge/tools/cov-thin-client/2025.12.0/bin/cov-internal-manage-cache check
2026-03-03 13:57:24.2954 IST [Polaris Coverity Capture] INFO: Caching is enabled.
2026-03-03 13:57:24.2975 IST [Polaris Coverity Capture] INFO: Telemetry is enabled
2026-03-03 13:57:24.7045 IST [Polaris Coverity Capture] INFO: Executing command: /Users/renukac/.blackduck/bridge/tools/cov-thin-client/2025.12.0/bin/cov-manage-emit --dir /Users/renukac/Library/CloudStorage/OneDrive-BlackDuckSoftware/Documents/integration/black-duck-security-scan/.bridge/polaris_coverity_capture/2025.12.0/idir list-capture-diagnostics
2026-03-03 13:57:24.7339 IST [Polaris Coverity Capture] INFO: Executing action no-op: nothing to do for initialization
2026-03-03 13:57:25.0927 IST [Polaris Coverity Capture] INFO: Executing action no-op: skipping compiler configuration
2026-03-03 13:57:25.4426 IST [Polaris Coverity Capture] INFO: Executing action no-op: no compilers need to be unconfigured
2026-03-03 13:57:25.7733 IST [Polaris Coverity Capture] INFO: Executing action no-op: compiler configurations loaded
2026-03-03 13:57:26.1642 IST [Polaris Coverity Capture] INFO: Executing action Emit files using buildless capture: /Users/renukac/.blackduck/bridge/tools/cov-thin-client/2025.12.0/bin/cov-internal-capture-files --dir /Users/renukac/Library/CloudStorage/OneDrive-BlackDuckSoftware/Documents/integration/black-duck-security-scan/.bridge/polaris_coverity_capture/2025.12.0/idir -c /Users/renukac/Library/CloudStorage/OneDrive-BlackDuckSoftware/Documents/integration/black-duck-security-scan/.bridge/polaris_coverity_capture/2025.12.0/idir/coverity-cli/buildless-compiler-configs/coverity_config.xml --ticker-mode none --append-log --capture-list-file /Users/renukac/Library/CloudStorage/OneDrive-BlackDuckSoftware/Documents/integration/black-duck-security-scan/.bridge/polaris_coverity_capture/2025.12.0/idir/coverity-cli/capture-file-list-11387026 --record-with-source
2026-03-03 13:57:26.1919 IST [Polaris Coverity Capture] INFO: Buildless capture started.
2026-03-03 13:57:26.2179 IST [Polaris Coverity Capture] INFO: Emitting 338 Files.
2026-03-03 13:57:26.5988 IST [Polaris Coverity Capture] INFO: Buildless capture completed.
2026-03-03 13:57:26.6019 IST [Polaris Coverity Capture] INFO: Executing action Delete unwanted TUs: /Users/renukac/.blackduck/bridge/tools/cov-thin-client/2025.12.0/bin/cov-manage-emit @@/Users/renukac/Library/CloudStorage/OneDrive-BlackDuckSoftware/Documents/integration/black-duck-security-scan/.bridge/polaris_coverity_capture/2025.12.0/idir/coverity-cli/delete-unwanted-tus-action-3418024752
2026-03-03 13:57:26.6173 IST [Polaris Coverity Capture] INFO: Executing action Action cleanup: Unwanted TUs action cleanup
2026-03-03 13:57:26.6173 IST [Polaris Coverity Capture] INFO: Executing action Delete stale TUs /Users/renukac/Library/CloudStorage/OneDrive-BlackDuckSoftware/Documents/integration/black-duck-security-scan/.bridge/polaris_coverity_capture/2025.12.0/idir
2026-03-03 13:57:26.6175 IST [Polaris Coverity Capture] INFO: Executing command: /Users/renukac/.blackduck/bridge/tools/cov-thin-client/2025.12.0/bin/cov-manage-emit --dir /Users/renukac/Library/CloudStorage/OneDrive-BlackDuckSoftware/Documents/integration/black-duck-security-scan/.bridge/polaris_coverity_capture/2025.12.0/idir list-capture-diagnostics
2026-03-03 13:57:26.6388 IST [Polaris Coverity Capture] INFO: Executing command: /Users/renukac/.blackduck/bridge/tools/cov-thin-client/2025.12.0/bin/cov-manage-emit --dir /Users/renukac/Library/CloudStorage/OneDrive-BlackDuckSoftware/Documents/integration/black-duck-security-scan/.bridge/polaris_coverity_capture/2025.12.0/idir @@/Users/renukac/Library/CloudStorage/OneDrive-BlackDuckSoftware/Documents/integration/black-duck-security-scan/.bridge/polaris_coverity_capture/2025.12.0/idir/coverity-cli/cov-manage-emit-delete-resp-2288465186 delete
2026-03-03 13:57:26.6511 IST [Polaris Coverity Capture] INFO: Executing action Invalidate capture results
2026-03-03 13:57:26.6511 IST [Polaris Coverity Capture] INFO: Executing action Invoke cov-run-sigma: /Users/renukac/.blackduck/bridge/tools/cov-thin-client/2025.12.0/bin/cov-run-sigma --project-dir /Users/renukac/Library/CloudStorage/OneDrive-BlackDuckSoftware/Documents/integration/black-duck-security-scan --dir /Users/renukac/Library/CloudStorage/OneDrive-BlackDuckSoftware/Documents/integration/black-duck-security-scan/.bridge/polaris_coverity_capture/2025.12.0/idir --coverity-config /var/folders/lz/2_s78x4d3gg_n39stq49qnfw0000gp/T/cov-run-sigma-config-3283921500/coverity.yaml --sigma-binary-path /Users/renukac/.blackduck/bridge/tools/sigma/2026.2.0/sigma --enable-telemetry
2026-03-03 13:57:27.5574 IST [Polaris Coverity Capture] INFO: cov-run-sigma version 2025.12.0 on Darwin 24.5.0 arm64
2026-03-03 13:57:27.5574 IST [Polaris Coverity Capture] INFO: Internal version numbers: 8600bcfa3c p-2025.12-push-40
2026-03-03 13:57:27.5574 IST [Polaris Coverity Capture] INFO: 
2026-03-03 13:57:30.0242 IST [Polaris Coverity Capture] INFO: Executing action Action cleanup: Coverity configuration for Sigma
2026-03-03 13:57:30.4393 IST [Polaris Coverity Capture] INFO: Executing command: /Users/renukac/.blackduck/bridge/tools/cov-thin-client/2025.12.0/bin/cov-manage-emit --dir /Users/renukac/Library/CloudStorage/OneDrive-BlackDuckSoftware/Documents/integration/black-duck-security-scan/.bridge/polaris_coverity_capture/2025.12.0/idir list-capture-diagnostics
2026-03-03 13:57:30.4810 IST [Polaris Coverity Capture] INFO: Capture summary:
2026-03-03 13:57:30.4810 IST [Polaris Coverity Capture] INFO:     SUCCEEDED: 350
2026-03-03 13:57:30.4810 IST [Polaris Coverity Capture] INFO:     INCOMPLETE: 0
2026-03-03 13:57:30.4810 IST [Polaris Coverity Capture] INFO:     FAILED: 0
2026-03-03 13:57:30.4810 IST [Polaris Coverity Capture] INFO:     IGNORED: 1171
2026-03-03 13:57:30.4810 IST [Polaris Coverity Capture] INFO:     FILES CAPTURED: 350
2026-03-03 13:57:30.4810 IST [Polaris Coverity Capture] INFO:     LINES OF CODE: 277416
2026-03-03 13:57:30.4843 IST [Polaris Coverity Capture] INFO: Capture phase took 6.189s.
2026-03-03 13:57:30.5530 IST [Polaris Coverity Capture] INFO: To analyze your project, type '/Users/renukac/.blackduck/bridge/tools/cov-thin-client/2025.12.0/bin/coverity analyze --project-dir /Users/renukac/Library/CloudStorage/OneDrive-BlackDuckSoftware/Documents/integration/black-duck-security-scan --dir /Users/renukac/Library/CloudStorage/OneDrive-BlackDuckSoftware/Documents/integration/black-duck-security-scan/.bridge/polaris_coverity_capture/2025.12.0/idir -o analyze.location=connect'.
2026-03-03 13:57:30.5561 IST [Polaris Coverity Capture] INFO: Coverity Capture completed successfully
2026-03-03 13:57:30.5668 IST [Polaris Coverity Capture] INFO: Provided value for resource 'coverity.completed'
2026-03-03 13:57:30.5669 IST [Polaris Coverity Capture] INFO: Provided value for resource 'coverity.idir.output'
2026-03-03 13:57:30.5671 IST [Polaris Coverity Capture] INFO: Provided value for resource 'polaris.test.sast.tests.sastFull.artifacts.path'
2026-03-03 13:57:30.5672 IST [Polaris Coverity Capture] INFO: Adapter finished
2026-03-03 13:57:30.5692 IST [Bridge CLI] INFO: Starting Adapter: Default Adapter for execution path
2026-03-03 13:57:30.5694 IST [Default Adapter for execution path] INFO: Provided value for resource 'detect.execution.path'
2026-03-03 13:57:30.5694 IST [Default Adapter for execution path] INFO: Adapter finished
2026-03-03 13:57:30.6704 IST [Polaris SCA Package Manager Scan] INFO: Running command java -jar /Users/renukac/.blackduck/bridge/tools/blackduck-detect/10.4.0/detect-10.4.0.jar --detect.cleanup=false --detect.bdio.file.name=scan --detect.bdio.output.path=/Users/renukac/Library/CloudStorage/OneDrive-BlackDuckSoftware/Documents/integration/black-duck-security-scan/.bridge/polaris_sca_package_manager_scan/detect/bdio/blackduck_artifact --detect.output.path=/Users/renukac/Library/CloudStorage/OneDrive-BlackDuckSoftware/Documents/integration/black-duck-security-scan/.bridge/polaris_sca_package_manager_scan/detect --detect.tools=DETECTOR --detect.component.location.analysis.enabled=true --blackduck.offline.mode=true --blackduck.offline.mode.force.bdio=true --detect.source.path=/Users/renukac/Library/CloudStorage/OneDrive-BlackDuckSoftware/Documents/integration/black-duck-security-scan
2026-03-03 13:57:31.0000 IST [Polaris SCA Package Manager Scan][main] WARNING: --- Detect-Self-Updater:  Self-Update feature is disabled because of the following reasons:
2026-03-03 13:57:31.0000 IST [Polaris SCA Package Manager Scan][main] WARNING: --- Detect-Self-Updater:  Detect in offline mode is incompatible with the Self-Update feature.
2026-03-03 13:57:31.0000 IST [Polaris SCA Package Manager Scan][main] WARNING: --- Detect-Self-Updater:  Black Duck URL is required for the Self-Update feature.
2026-03-03 13:57:32.6440 IST [Polaris SCA Package Manager Scan] INFO: ______     _            _
2026-03-03 13:57:32.6440 IST [Polaris SCA Package Manager Scan] INFO: |  _  \   | |          | |
2026-03-03 13:57:32.6441 IST [Polaris SCA Package Manager Scan] INFO: | | | |___| |_ ___  ___| |_
2026-03-03 13:57:32.6441 IST [Polaris SCA Package Manager Scan] INFO: | | | / _ \ __/ _ \/ __| __|
2026-03-03 13:57:32.6441 IST [Polaris SCA Package Manager Scan] INFO: | |/ /  __/ ||  __/ (__| |_
2026-03-03 13:57:32.6441 IST [Polaris SCA Package Manager Scan] INFO: |___/ \___|\__\___|\___|\__|
2026-03-03 13:57:32.6441 IST [Polaris SCA Package Manager Scan] INFO: 
2026-03-03 13:57:32.7321 IST [Polaris SCA Package Manager Scan] INFO: 
2026-03-03 13:57:32.7321 IST [Polaris SCA Package Manager Scan] INFO: Detect Version: 10.4.0
2026-03-03 13:57:32.7321 IST [Polaris SCA Package Manager Scan] INFO: 
2026-03-03 13:57:32.0000 IST [Polaris SCA Package Manager Scan][main] INFO: --- 
2026-03-03 13:57:32.0000 IST [Polaris SCA Package Manager Scan][main] INFO: --- Current property values:
2026-03-03 13:57:32.0000 IST [Polaris SCA Package Manager Scan][main] INFO: --- --property = value [notes]
2026-03-03 13:57:32.0000 IST [Polaris SCA Package Manager Scan][main] INFO: --- ------------------------------------------------------------
2026-03-03 13:57:32.0000 IST [Polaris SCA Package Manager Scan][main] INFO: --- blackduck.offline.mode = true [cmd] 
2026-03-03 13:57:32.0000 IST [Polaris SCA Package Manager Scan][main] INFO: --- blackduck.offline.mode.force.bdio = true [cmd] 
2026-03-03 13:57:32.0000 IST [Polaris SCA Package Manager Scan][main] INFO: --- detect.bdio.file.name = scan [cmd] 
2026-03-03 13:57:32.0000 IST [Polaris SCA Package Manager Scan][main] INFO: --- detect.bdio.output.path = /Users/renukac/Library/CloudStorage/OneDrive-BlackDuckSoftware/Documents/integration/black-duck-security-scan/.bridge/polaris_sca_package_manager_scan/detect/bdio/blackduck_artifact [cmd] 
2026-03-03 13:57:32.0000 IST [Polaris SCA Package Manager Scan][main] INFO: --- detect.cleanup = false [cmd] 
2026-03-03 13:57:32.0000 IST [Polaris SCA Package Manager Scan][main] INFO: --- detect.component.location.analysis.enabled = true [cmd] 
2026-03-03 13:57:32.0000 IST [Polaris SCA Package Manager Scan][main] INFO: --- detect.excluded.directories = /Users/renukac/Library/CloudStorage/OneDrive-BlackDuckSoftware/Documents/integration/black-duck-security-scan/.bridge [env] 
2026-03-03 13:57:32.0000 IST [Polaris SCA Package Manager Scan][main] INFO: --- detect.npm.path = /opt/homebrew/bin/npm [env] 
2026-03-03 13:57:32.0000 IST [Polaris SCA Package Manager Scan][main] INFO: --- detect.output.path = /Users/renukac/Library/CloudStorage/OneDrive-BlackDuckSoftware/Documents/integration/black-duck-security-scan/.bridge/polaris_sca_package_manager_scan/detect [cmd] 
2026-03-03 13:57:32.0000 IST [Polaris SCA Package Manager Scan][main] INFO: --- detect.source.path = /Users/renukac/Library/CloudStorage/OneDrive-BlackDuckSoftware/Documents/integration/black-duck-security-scan [cmd] 
2026-03-03 13:57:32.0000 IST [Polaris SCA Package Manager Scan][main] INFO: --- detect.tools = DETECTOR [cmd] 
2026-03-03 13:57:32.0000 IST [Polaris SCA Package Manager Scan][main] INFO: --- ------------------------------------------------------------
2026-03-03 13:57:32.0000 IST [Polaris SCA Package Manager Scan][main] INFO: --- 
2026-03-03 13:57:32.0000 IST [Polaris SCA Package Manager Scan][main] INFO: --- Detect build date: 2025-04-24
2026-03-03 13:57:32.0000 IST [Polaris SCA Package Manager Scan][main] INFO: --- Source directory: /Users/renukac/Library/CloudStorage/OneDrive-BlackDuckSoftware/Documents/integration/black-duck-security-scan
2026-03-03 13:57:32.0000 IST [Polaris SCA Package Manager Scan][main] INFO: --- Output directory: /Users/renukac/Library/CloudStorage/OneDrive-BlackDuckSoftware/Documents/integration/black-duck-security-scan/.bridge/polaris_sca_package_manager_scan/detect
2026-03-03 13:57:32.0000 IST [Polaris SCA Package Manager Scan][main] INFO: --- Run directory: /Users/renukac/Library/CloudStorage/OneDrive-BlackDuckSoftware/Documents/integration/black-duck-security-scan/.bridge/polaris_sca_package_manager_scan/detect/runs/2026-03-03-08-27-32-706
2026-03-03 13:57:32.0000 IST [Polaris SCA Package Manager Scan][main] INFO: --- 
2026-03-03 13:57:32.0000 IST [Polaris SCA Package Manager Scan][main] WARNING: --- Correlated Scanning is not available for Rapid/Stateless scan mode or offline scanning. A correlation ID will not be set.
2026-03-03 13:57:32.0000 IST [Polaris SCA Package Manager Scan][main] INFO: --- ----------------------------------
2026-03-03 13:57:32.0000 IST [Polaris SCA Package Manager Scan][main] INFO: --- Docker tool will not be run.
2026-03-03 13:57:32.0000 IST [Polaris SCA Package Manager Scan][main] INFO: --- ----------------------------------
2026-03-03 13:57:32.0000 IST [Polaris SCA Package Manager Scan][main] INFO: --- Bazel tool will not be run.
2026-03-03 13:57:32.0000 IST [Polaris SCA Package Manager Scan][main] INFO: --- ----------------------------------
2026-03-03 13:57:32.0000 IST [Polaris SCA Package Manager Scan][main] INFO: --- Will include the Detectors tool.
2026-03-03 13:57:32.0000 IST [Polaris SCA Package Manager Scan][main] INFO: --- Searching for detectors.
2026-03-03 13:57:32.0000 IST [Polaris SCA Package Manager Scan][main] INFO: --- Evaluating detectors. This may take a while.
2026-03-03 13:57:33.0000 IST [Polaris SCA Package Manager Scan][main] INFO: --- Running executable >/usr/bin/git config --get remote.origin.url
2026-03-03 13:57:33.0000 IST [Polaris SCA Package Manager Scan][main] INFO: --- Process return code: 0
2026-03-03 13:57:33.0000 IST [Polaris SCA Package Manager Scan][main] INFO: --- Running executable >/usr/bin/git rev-parse --abbrev-ref HEAD
2026-03-03 13:57:33.0000 IST [Polaris SCA Package Manager Scan][main] INFO: --- Process return code: 0
2026-03-03 13:57:33.0000 IST [Polaris SCA Package Manager Scan][main] INFO: --- Running executable >/usr/bin/git rev-parse HEAD
2026-03-03 13:57:33.0000 IST [Polaris SCA Package Manager Scan][main] INFO: --- Process return code: 0
2026-03-03 13:57:33.0000 IST [Polaris SCA Package Manager Scan][main] INFO: --- ======================================================================================================
2026-03-03 13:57:33.0000 IST [Polaris SCA Package Manager Scan][main] INFO: --- Detector Report
2026-03-03 13:57:33.0000 IST [Polaris SCA Package Manager Scan][main] INFO: --- ======================================================================================================
2026-03-03 13:57:33.0000 IST [Polaris SCA Package Manager Scan][main] INFO: --- 	/Users/renukac/Library/CloudStorage/OneDrive-BlackDuckSoftware/Documents/integration/black-duck-security-scan (depth 0)
2026-03-03 13:57:33.0000 IST [Polaris SCA Package Manager Scan][main] INFO: --- 		NPM Package Lock: SUCCESS
2026-03-03 13:57:33.0000 IST [Polaris SCA Package Manager Scan][main] INFO: --- 			Found file: /Users/renukac/Library/CloudStorage/OneDrive-BlackDuckSoftware/Documents/integration/black-duck-security-scan/package-lock.json
2026-03-03 13:57:33.0000 IST [Polaris SCA Package Manager Scan][main] INFO: --- 			Found file: /Users/renukac/Library/CloudStorage/OneDrive-BlackDuckSoftware/Documents/integration/black-duck-security-scan/package.json
2026-03-03 13:57:33.0000 IST [Polaris SCA Package Manager Scan][main] INFO: --- 		Git: SUCCESS
2026-03-03 13:57:33.0000 IST [Polaris SCA Package Manager Scan][main] INFO: --- 			Found file: /Users/renukac/Library/CloudStorage/OneDrive-BlackDuckSoftware/Documents/integration/black-duck-security-scan/.git
2026-03-03 13:57:33.0000 IST [Polaris SCA Package Manager Scan][main] INFO: --- 			Found executable: /usr/bin/git
2026-03-03 13:57:33.0000 IST [Polaris SCA Package Manager Scan][main] INFO: --- ----------------------------------
2026-03-03 13:57:33.0000 IST [Polaris SCA Package Manager Scan][main] INFO: --- The following project names were found: 
2026-03-03 13:57:33.0000 IST [Polaris SCA Package Manager Scan][main] INFO: --- 	NPM: black-duck-security-scan, 2.8.0
2026-03-03 13:57:33.0000 IST [Polaris SCA Package Manager Scan][main] INFO: --- Chose to use NPM at depth 0 for project name and version. Override with detect.project.detector.
2026-03-03 13:57:33.0000 IST [Polaris SCA Package Manager Scan][main] INFO: --- Detectors actions finished.
2026-03-03 13:57:33.0000 IST [Polaris SCA Package Manager Scan][main] INFO: --- ----------------------------------
2026-03-03 13:57:33.0000 IST [Polaris SCA Package Manager Scan][main] INFO: --- Project name: black-duck-security-scan
2026-03-03 13:57:33.0000 IST [Polaris SCA Package Manager Scan][main] INFO: --- Project version: 2.8.0
2026-03-03 13:57:33.0000 IST [Polaris SCA Package Manager Scan][main] INFO: --- ----------------------------------
2026-03-03 13:57:33.0000 IST [Polaris SCA Package Manager Scan][main] INFO: --- Signature Scanner tool will not be run.
2026-03-03 13:57:33.0000 IST [Polaris SCA Package Manager Scan][main] INFO: --- ----------------------------------
2026-03-03 13:57:33.0000 IST [Polaris SCA Package Manager Scan][main] INFO: --- Vulnerability Impact Analysis tool will not be run.
2026-03-03 13:57:33.0000 IST [Polaris SCA Package Manager Scan][main] INFO: --- ----------------------------------
2026-03-03 13:57:33.0000 IST [Polaris SCA Package Manager Scan][main] INFO: --- IaC Scanner tool will not be run.
2026-03-03 13:57:33.0000 IST [Polaris SCA Package Manager Scan][main] INFO: --- ----------------------------------
2026-03-03 13:57:33.0000 IST [Polaris SCA Package Manager Scan][main] INFO: --- ##################################################################################################
2026-03-03 13:57:33.0000 IST [Polaris SCA Package Manager Scan][main] INFO: --- #                                                                                                #
2026-03-03 13:57:33.0000 IST [Polaris SCA Package Manager Scan][main] INFO: --- #  Product Notice                                                                                #
2026-03-03 13:57:33.0000 IST [Polaris SCA Package Manager Scan][main] INFO: --- #  © 2024 Black Duck Software, Inc.                                                              #
2026-03-03 13:57:33.0000 IST [Polaris SCA Package Manager Scan][main] INFO: --- #  This Black Duck Component Locator and all associated documentation are proprietary            #
2026-03-03 13:57:33.0000 IST [Polaris SCA Package Manager Scan][main] INFO: --- #  to Black Duck Software, Inc. and may only be used pursuant to the terms and conditions of a   #
2026-03-03 13:57:33.0000 IST [Polaris SCA Package Manager Scan][main] INFO: --- #  written license agreement with Black Duck Software, Inc. All other use, reproduction,         #
2026-03-03 13:57:33.0000 IST [Polaris SCA Package Manager Scan][main] INFO: --- #  modification, or distribution of the Black Duck Component Locator or the associated           #
2026-03-03 13:57:33.0000 IST [Polaris SCA Package Manager Scan][main] INFO: --- #  documentation is strictly prohibited.                                                         #
2026-03-03 13:57:33.0000 IST [Polaris SCA Package Manager Scan][main] INFO: --- #                                                                                                #
2026-03-03 13:57:33.0000 IST [Polaris SCA Package Manager Scan][main] INFO: --- ##################################################################################################
2026-03-03 13:57:33.0000 IST [Polaris SCA Package Manager Scan][main] INFO: --- Running Component Locator v1.1.12 on /Users/renukac/Library/CloudStorage/OneDrive-BlackDuckSoftware/Documents/integration/black-duck-security-scan
2026-03-03 13:57:50.0000 IST [Polaris SCA Package Manager Scan][main] INFO: --- Component Location Analysis file saved at: /Users/renukac/Library/CloudStorage/OneDrive-BlackDuckSoftware/Documents/integration/black-duck-security-scan/.bridge/polaris_sca_package_manager_scan/detect/runs/2026-03-03-08-27-32-706/scan/components-with-locations.json
2026-03-03 13:57:50.0000 IST [Polaris SCA Package Manager Scan][main] INFO: --- ----------------------------------
2026-03-03 13:57:50.0000 IST [Polaris SCA Package Manager Scan][main] INFO: --- 
2026-03-03 13:57:50.0000 IST [Polaris SCA Package Manager Scan][main] INFO: --- 
2026-03-03 13:57:50.0000 IST [Polaris SCA Package Manager Scan][main] INFO: --- Creating status file: /Users/renukac/Library/CloudStorage/OneDrive-BlackDuckSoftware/Documents/integration/black-duck-security-scan/.bridge/polaris_sca_package_manager_scan/detect/runs/2026-03-03-08-27-32-706/status/status.json
2026-03-03 13:57:50.0000 IST [Polaris SCA Package Manager Scan][main] INFO: --- 
2026-03-03 13:57:50.0000 IST [Polaris SCA Package Manager Scan][main] INFO: --- Skipping cleanup, it is disabled.
2026-03-03 13:57:50.0000 IST [Polaris SCA Package Manager Scan][main] INFO: --- 
2026-03-03 13:57:50.0000 IST [Polaris SCA Package Manager Scan][main] INFO: --- 
2026-03-03 13:57:50.0000 IST [Polaris SCA Package Manager Scan][main] INFO: --- ======== Detect Result ========
2026-03-03 13:57:50.0000 IST [Polaris SCA Package Manager Scan][main] INFO: --- 
2026-03-03 13:57:50.0000 IST [Polaris SCA Package Manager Scan][main] INFO: --- Component Location Analysis File: /Users/renukac/Library/CloudStorage/OneDrive-BlackDuckSoftware/Documents/integration/black-duck-security-scan/.bridge/polaris_sca_package_manager_scan/detect/runs/2026-03-03-08-27-32-706/scan/components-with-locations.json
2026-03-03 13:57:50.0000 IST [Polaris SCA Package Manager Scan][main] INFO: --- 
2026-03-03 13:57:50.0000 IST [Polaris SCA Package Manager Scan][main] INFO: --- ======== Detect Status ========
2026-03-03 13:57:50.0000 IST [Polaris SCA Package Manager Scan][main] INFO: --- 
2026-03-03 13:57:50.0000 IST [Polaris SCA Package Manager Scan][main] INFO: --- GIT: SUCCESS
2026-03-03 13:57:50.0000 IST [Polaris SCA Package Manager Scan][main] INFO: --- NPM: SUCCESS
2026-03-03 13:57:50.0000 IST [Polaris SCA Package Manager Scan][main] INFO: --- Overall Status: SUCCESS - Detect exited successfully.
2026-03-03 13:57:50.0000 IST [Polaris SCA Package Manager Scan][main] INFO: --- 
2026-03-03 13:57:50.0000 IST [Polaris SCA Package Manager Scan][main] INFO: --- ===============================
2026-03-03 13:57:50.0000 IST [Polaris SCA Package Manager Scan][main] INFO: --- 
2026-03-03 13:57:50.0000 IST [Polaris SCA Package Manager Scan][main] INFO: --- Detect duration: 00h 00m 20s 044ms
2026-03-03 13:57:50.9881 IST [Polaris SCA Package Manager Scan] INFO: Provided value for resource 'detect.completed'
2026-03-03 13:57:50.9882 IST [Polaris SCA Package Manager Scan] INFO: Provided value for resource 'polaris.test.sca.tests.scaPackage.artifacts.path'
2026-03-03 13:57:50.9884 IST [Polaris SCA Package Manager Scan] INFO: Adapter finished
2026-03-03 13:57:51.1316 IST [Polaris Artifacts Uploader] INFO: uploading artifact for "SAST(sastFull)" assessment with id "e0068112-2d28-4a12-9144-66031365e519"
2026-03-03 13:57:51.1319 IST [Polaris Artifacts Uploader] INFO: uploading artifact for "SCA(scaPackage)" assessment with id "b201ace5-6f58-44ac-969c-7d734acaa3c4"
2026-03-03 13:57:52.4142 IST [Polaris Artifacts Uploader] INFO: Uploading artifact /Users/renukac/Library/CloudStorage/OneDrive-BlackDuckSoftware/Documents/integration/black-duck-security-scan/.bridge/polaris_sca_package_manager_scan/blackduck-sca-artifacts.zip for "SCA(scaPackage)" assessment
2026-03-03 13:57:52.4198 IST [Polaris Artifacts Uploader] INFO: Uploading artifact /Users/renukac/Library/CloudStorage/OneDrive-BlackDuckSoftware/Documents/integration/black-duck-security-scan/.bridge/polaris_coverity_capture/idir.zip for "SAST(sastFull)" assessment
2026-03-03 13:57:52.7172 IST [Polaris Artifacts Uploader] INFO: Uploading Progress of "SCA(scaPackage)" artifact:  13%  16384/118155
2026-03-03 13:57:52.7175 IST [Polaris Artifacts Uploader] INFO: Uploading Progress of "SCA(scaPackage)" artifact:  41%  49152/118155
2026-03-03 13:57:52.7203 IST [Polaris Artifacts Uploader] INFO: Uploading Progress of "SAST(sastFull)" artifact:   0%  16384/3135583
2026-03-03 13:57:52.7367 IST [Polaris Artifacts Uploader] INFO: Uploading Progress of "SCA(scaPackage)" artifact:  69%  81920/118155
2026-03-03 13:57:52.7368 IST [Polaris Artifacts Uploader] INFO: Uploading Progress of "SCA(scaPackage)" artifact:  97%  114688/118155
2026-03-03 13:57:52.7369 IST [Polaris Artifacts Uploader] INFO: Uploading Progress of "SCA(scaPackage)" artifact: 100%  118155/118155
2026-03-03 13:57:54.0636 IST [Polaris Artifacts Uploader] INFO: successfully uploaded artifact "/Users/renukac/Library/CloudStorage/OneDrive-BlackDuckSoftware/Documents/integration/black-duck-security-scan/.bridge/polaris_sca_package_manager_scan/blackduck-sca-artifacts.zip"
2026-03-03 13:57:54.7030 IST [Polaris Artifacts Uploader] INFO: successfully resumed "SCA(scaPackage)" assessment with id "b201ace5-6f58-44ac-969c-7d734acaa3c4"
2026-03-03 13:57:55.6268 IST [Polaris Artifacts Uploader] INFO: Uploading Progress of "SAST(sastFull)" artifact:  25%  786432/3135583
2026-03-03 13:57:58.0219 IST [Polaris Artifacts Uploader] INFO: Uploading Progress of "SAST(sastFull)" artifact:  50%  1572864/3135583
2026-03-03 13:58:00.5258 IST [Polaris Artifacts Uploader] INFO: Uploading Progress of "SAST(sastFull)" artifact:  75%  2359296/3135583
2026-03-03 13:58:03.5447 IST [Polaris Artifacts Uploader] INFO: Uploading Progress of "SAST(sastFull)" artifact: 100%  3135583/3135583
2026-03-03 13:58:04.5204 IST [Polaris Artifacts Uploader] INFO: successfully uploaded artifact "/Users/renukac/Library/CloudStorage/OneDrive-BlackDuckSoftware/Documents/integration/black-duck-security-scan/.bridge/polaris_coverity_capture/idir.zip"
2026-03-03 13:58:05.0216 IST [Polaris Artifacts Uploader] INFO: successfully resumed "SAST(sastFull)" assessment with id "e0068112-2d28-4a12-9144-66031365e519"
2026-03-03 13:58:05.0371 IST [Polaris Artifacts Uploader] INFO: Provided value for resource 'polaris.test.sca.tests.scaPackage.artifacts.uploadSuccessful'
2026-03-03 13:58:05.0374 IST [Polaris Artifacts Uploader] INFO: Provided value for resource 'polaris.test.sast.tests.sastFull.artifacts.uploadSuccessful'
2026-03-03 13:58:05.0378 IST [Polaris Artifacts Uploader] INFO: Adapter finished
2026-03-03 13:58:05.1852 IST [Polaris Waiter] INFO: Waiting for test with assessment type "SCA(scaPackage)" and id "b201ace5-6f58-44ac-969c-7d734acaa3c4"
2026-03-03 13:58:05.1855 IST [Polaris Waiter] INFO: Waiting for test with assessment type "SAST(sastFull)" and id "e0068112-2d28-4a12-9144-66031365e519"
2026-03-03 13:58:05.5477 IST [Polaris Waiter] INFO: Polling Test Manager: state of test with assessment type "SCA(scaPackage)" and id "b201ace5-6f58-44ac-969c-7d734acaa3c4" is "Queuing"
2026-03-03 13:58:05.5682 IST [Polaris Waiter] INFO: Polling Test Manager: state of test with assessment type "SAST(sastFull)" and id "e0068112-2d28-4a12-9144-66031365e519" is "Waiting for Capture"
2026-03-03 13:58:15.9272 IST [Polaris Waiter] INFO: Polling Test Manager: state of test with assessment type "SAST(sastFull)" and id "e0068112-2d28-4a12-9144-66031365e519" is "Queuing"
2026-03-03 13:58:36.6843 IST [Polaris Waiter] INFO: Polling Test Manager: state of test with assessment type "SCA(scaPackage)" and id "b201ace5-6f58-44ac-969c-7d734acaa3c4" is "Scanning & Publishing"
2026-03-03 13:58:36.6961 IST [Polaris Waiter] INFO: Polling Test Manager: state of test with assessment type "SAST(sastFull)" and id "e0068112-2d28-4a12-9144-66031365e519" is "Scanning"
2026-03-03 13:58:47.0563 IST [Polaris Waiter] INFO: test with assessment type "SCA(scaPackage)" and id "b201ace5-6f58-44ac-969c-7d734acaa3c4" completed successfully
2026-03-03 13:58:57.7289 IST [Polaris Waiter] INFO: Polling Test Manager: state of test with assessment type "SAST(sastFull)" and id "e0068112-2d28-4a12-9144-66031365e519" is "In Progress"
2026-03-03 13:59:08.0973 IST [Polaris Waiter] INFO: test with assessment type "SAST(sastFull)" and id "e0068112-2d28-4a12-9144-66031365e519" completed successfully
2026-03-03 13:59:08.1143 IST [Polaris Waiter] INFO: Provided value for resource 'polaris.test.sca.tests.scaPackage.completed'
2026-03-03 13:59:08.1144 IST [Polaris Waiter] INFO: Provided value for resource 'polaris.test.sast.tests.sastFull.completed'
2026-03-03 13:59:08.1147 IST [Polaris Waiter] INFO: Adapter finished
2026-03-03 13:59:08.2730 IST [Polaris Policy Checker] INFO: Checking for policy violations for "SAST(sastFull)" assessment...
2026-03-03 13:59:08.2733 IST [Polaris Policy Checker] INFO: Checking for policy violations for "SCA(scaPackage)" assessment...
2026-03-03 13:59:08.7553 IST [Polaris Policy Checker] INFO: no policies were violated to break the build
2026-03-03 13:59:08.7715 IST [Polaris Policy Checker] INFO: Adapter finished
2026-03-03 13:59:08.8792 IST [Polaris Issues Fetcher] INFO: Fetching issues for "SCA(scaPackage)" assessment
2026-03-03 13:59:08.8796 IST [Polaris Issues Fetcher] INFO: Fetching issues for "SAST(sastFull)" assessment
2026-03-03 13:59:09.2526 IST [Polaris Issues Fetcher] INFO: Successfully fetched issues for assessment type "SAST(sastFull)" with id "e0068112-2d28-4a12-9144-66031365e519"
 {
 "critical": 0,
 "high": 0,
 "informational": 0,
 "low": 3,
 "medium": 7
}
2026-03-03 13:59:09.2542 IST [Polaris Issues Fetcher] INFO: Successfully fetched issues for assessment type "SCA(scaPackage)" with id "b201ace5-6f58-44ac-969c-7d734acaa3c4"
 {
 "critical": 0,
 "high": 0,
 "informational": 0,
 "low": 3,
 "medium": 8
}
2026-03-03 13:59:09.2706 IST [Polaris Issues Fetcher] INFO: Provided value for resource 'polaris.test.SCA.tests.scaPackage.issues.medium'
2026-03-03 13:59:09.2708 IST [Polaris Issues Fetcher] INFO: Provided value for resource 'polaris.test.SCA.tests.scaPackage.issues.low'
2026-03-03 13:59:09.2709 IST [Polaris Issues Fetcher] INFO: Provided value for resource 'polaris.test.SCA.tests.scaPackage.issues.critical'
2026-03-03 13:59:09.2711 IST [Polaris Issues Fetcher] INFO: Provided value for resource 'polaris.test.SCA.tests.scaPackage.issues.informational'
2026-03-03 13:59:09.2713 IST [Polaris Issues Fetcher] INFO: Provided value for resource 'polaris.test.SCA.tests.scaPackage.issues.high'
2026-03-03 13:59:09.2714 IST [Polaris Issues Fetcher] INFO: Provided value for resource 'polaris.test.SAST.tests.sastFull.issues.informational'
2026-03-03 13:59:09.2716 IST [Polaris Issues Fetcher] INFO: Provided value for resource 'polaris.test.SAST.tests.sastFull.issues.medium'
2026-03-03 13:59:09.2717 IST [Polaris Issues Fetcher] INFO: Provided value for resource 'polaris.test.SAST.tests.sastFull.issues.high'
2026-03-03 13:59:09.2719 IST [Polaris Issues Fetcher] INFO: Provided value for resource 'polaris.test.SAST.tests.sastFull.issues.low'
2026-03-03 13:59:09.2721 IST [Polaris Issues Fetcher] INFO: Provided value for resource 'polaris.test.SAST.tests.sastFull.issues.critical'
2026-03-03 13:59:09.2724 IST [Polaris Issues Fetcher] INFO: Adapter finished
2026-03-03 13:59:09.3670 IST [Polaris Status Provider] INFO: Results for test "SAST(sastFull)" with ID "e0068112-2d28-4a12-9144-66031365e519" are available at https://poc.polaris.blackduck.com/portfolio/portfolios/edf596d3-b54f-4a6b-9e5c-209f2e526c67/portfolio-items/8ab6d998-351c-4d11-8eef-3c738c73a0ec/projects/cf3c9e61-f39f-4b41-95f0-4bda0f776678/tests/e0068112-2d28-4a12-9144-66031365e519/detected-issues
2026-03-03 13:59:09.3673 IST [Polaris Status Provider] INFO: Results for test "SCA(scaPackage)" with ID "b201ace5-6f58-44ac-969c-7d734acaa3c4" are available at https://poc.polaris.blackduck.com/portfolio/portfolios/edf596d3-b54f-4a6b-9e5c-209f2e526c67/portfolio-items/8ab6d998-351c-4d11-8eef-3c738c73a0ec/projects/cf3c9e61-f39f-4b41-95f0-4bda0f776678/tests/b201ace5-6f58-44ac-969c-7d734acaa3c4/detected-issues
2026-03-03 13:59:09.3673 IST [Polaris Status Provider] INFO: Polaris issues view for project "blackduck-security-action", branch "CodeSight_madhavanr+poc@blackduck.com" is available at https://poc.polaris.blackduck.com/portfolio/portfolios/edf596d3-b54f-4a6b-9e5c-209f2e526c67/portfolio-items/8ab6d998-351c-4d11-8eef-3c738c73a0ec/projects/cf3c9e61-f39f-4b41-95f0-4bda0f776678/issues?branchId=7d17204a-0e34-4465-944b-f8f3349681c0
2026-03-03 13:59:09.3790 IST [Polaris Status Provider] INFO: Provided value for resource 'polaris.test.SAST.tests.sastFull.summary.url'
2026-03-03 13:59:09.3793 IST [Polaris Status Provider] INFO: Provided value for resource 'polaris.test.SCA.tests.scaPackage.summary.url'
2026-03-03 13:59:09.3794 IST [Polaris Status Provider] INFO: Provided value for resource 'polaris.project.issues.url'
2026-03-03 13:59:09.3796 IST [Polaris Status Provider] INFO: Adapter finished
